<?xml version="1.0" encoding="UTF-8"?>
<!-- Generated by org.testng.reporters.JUnitReportReporter -->
<testsuite hostname="LAPTOP-5HE953J4" failures="0" tests="2" name="assignment.ParallelTesting" time="16.922" errors="0" timestamp="14 May 2024 18:44:55 GMT" skipped="0">
  <testcase classname="assignment.ParallelTesting" name="chromeTest" time="7.352"/>
  <testcase classname="assignment.ParallelTesting" name="edgetest" time="9.570"/>
</testsuite> <!-- assignment.ParallelTesting -->
