<?xml version="1.0" encoding="UTF-8"?>
<!-- Generated by org.testng.reporters.JUnitReportReporter -->
<testsuite hostname="LAPTOP-5HE953J4" failures="0" tests="1" name="day7.TestNG" time="24.841" errors="0" timestamp="14 May 2024 12:10:57 GMT" skipped="0">
  <testcase classname="day7.TestNG" name="test1" time="24.841"/>
</testsuite> <!-- day7.TestNG -->
