<?xml version="1.0" encoding="UTF-8"?>
<!-- Generated by org.testng.reporters.JUnitReportReporter -->
<testsuite hostname="LAPTOP-5HE953J4" failures="0" tests="1" name="day7.ExtentReport2" time="9.629" errors="0" timestamp="14 May 2024 09:47:06 GMT" skipped="0">
  <testcase classname="day7.ExtentReport2" name="test1" time="9.629"/>
</testsuite> <!-- day7.ExtentReport2 -->
