<?xml version="1.0" encoding="UTF-8"?>
<!-- Generated by org.testng.reporters.JUnitReportReporter -->
<testsuite hostname="LAPTOP-5HE953J4" failures="0" tests="1" name="day7.Assertion1" time="2.746" errors="0" timestamp="14 May 2024 11:22:49 GMT" skipped="0">
  <testcase classname="day7.Assertion1" name="zerodha" time="2.746"/>
</testsuite> <!-- day7.Assertion1 -->
