<?xml version="1.0" encoding="UTF-8"?>
<!-- Generated by org.testng.reporters.JUnitReportReporter -->
<testsuite hostname="LAPTOP-5HE953J4" failures="0" tests="4" name="day7.ExtentRep" time="19.547" errors="0" timestamp="14 May 2024 10:22:19 GMT" skipped="0">
  <testcase classname="day7.ExtentRep" name="checkbpxtest" time="3.302"/>
  <testcase classname="day7.ExtentRep" name="sendkeystest" time="6.171"/>
  <testcase classname="day7.ExtentRep" name="webtabletest" time="5.461"/>
  <testcase classname="day7.ExtentRep" name="linktest" time="4.613"/>
</testsuite> <!-- day7.ExtentRep -->
