<?xml version="1.0" encoding="UTF-8"?>
<!-- Generated by org.testng.reporters.JUnitReportReporter -->
<testsuite hostname="LAPTOP-5HE953J4" failures="0" tests="4" name="day7.TestNGdemo" time="7.509" errors="0" timestamp="10 May 2024 11:10:06 GMT" skipped="0">
  <testcase classname="day7.TestNGdemo" name="sendkeystest" time="4.135"/>
  <testcase classname="day7.TestNGdemo" name="checkbox" time="0.052"/>
  <testcase classname="day7.TestNGdemo" name="webtabletest" time="2.033"/>
  <testcase classname="day7.TestNGdemo" name="linktext" time="1.289"/>
</testsuite> <!-- day7.TestNGdemo -->
