<?xml version="1.0" encoding="UTF-8"?>
<!-- Generated by org.testng.reporters.JUnitReportReporter -->
<testsuite hostname="LAPTOP-5HE953J4" failures="0" tests="3" name="day7.ParallelTesting" time="42.158" errors="0" timestamp="14 May 2024 18:36:14 GMT" skipped="0">
  <testcase classname="day7.ParallelTesting" name="chromeTest" time="4.274"/>
  <testcase classname="day7.ParallelTesting" name="firefox" time="31.149"/>
  <testcase classname="day7.ParallelTesting" name="Edge" time="6.735"/>
</testsuite> <!-- day7.ParallelTesting -->
